# JRE version: OpenJDK Runtime Environment Microsoft-8297089 (17.0.8.1+1) (build 17.0.8.1+1-LTS)
# Java VM: OpenJDK 64-Bit Server VM Microsoft-8297089 (17.0.8.1+1-LTS, mixed mode, sharing, tiered, compressed oops, compressed class ptrs, g1 gc, windows-amd64)
GC Precious Log:
 CPUs: 4 total, 4 available
 Memory: 7959M
 Large Page Support: Disabled
 NUMA Support: Disabled
 Compressed Oops: Enabled (32-bit)
 Heap Region Size: 1M
 Heap Min Capacity: 8M
 Heap Initial Capacity: 126M
 Heap Max Capacity: 2G
 Pre-touch: Disabled
 Parallel Workers: 4
 Concurrent Workers: 1
 Concurrent Refinement Workers: 4
 Periodic GC: Disabled
Heap:
 garbage-first heap   total 352256K, used 212992K [0x0000000080000000, 0x0000000100000000)
  region size 1024K, 46 young (47104K), 12 survivors (12288K)
 Metaspace       used 100477K, committed 101568K, reserved 557056K
  class space    used 13810K, committed 14336K, reserved 425984K
GC Heap History (20 events):
Event: 54.986 GC heap before
{Heap before GC invocations=39 (full 0):
 garbage-first heap   total 171008K, used 102222K [0x0000000080000000, 0x0000000100000000)
  region size 1024K, 24 young (24576K), 6 survivors (6144K)
 Metaspace       used 81236K, committed 81984K, reserved 557056K
  class space    used 11261K, committed 11584K, reserved 425984K
}
Event: 55.000 GC heap after
{Heap after GC invocations=40 (full 0):
 garbage-first heap   total 171008K, used 86587K [0x0000000080000000, 0x0000000100000000)
  region size 1024K, 2 young (2048K), 2 survivors (2048K)
 Metaspace       used 81236K, committed 81984K, reserved 557056K
  class space    used 11261K, committed 11584K, reserved 425984K
}
Event: 59.283 GC heap before
{Heap before GC invocations=41 (full 0):
 garbage-first heap   total 171008K, used 145979K [0x0000000080000000, 0x0000000100000000)
  region size 1024K, 52 young (53248K), 2 survivors (2048K)
 Metaspace       used 84292K, committed 85056K, reserved 557056K
  class space    used 11714K, committed 12096K, reserved 425984K
}
Event: 59.297 GC heap after
{Heap after GC invocations=42 (full 0):
 garbage-first heap   total 171008K, used 105472K [0x0000000080000000, 0x0000000100000000)
  region size 1024K, 7 young (7168K), 7 survivors (7168K)
 Metaspace       used 84292K, committed 85056K, reserved 557056K
  class space    used 11714K, committed 12096K, reserved 425984K
}
Event: 59.371 GC heap before
{Heap before GC invocations=42 (full 0):
 garbage-first heap   total 171008K, used 106496K [0x0000000080000000, 0x0000000100000000)
  region size 1024K, 8 young (8192K), 7 survivors (7168K)
 Metaspace       used 84305K, committed 85120K, reserved 557056K
  class space    used 11714K, committed 12096K, reserved 425984K
}
Event: 59.387 GC heap after
{Heap after GC invocations=43 (full 0):
 garbage-first heap   total 171008K, used 106169K [0x0000000080000000, 0x0000000100000000)
  region size 1024K, 1 young (1024K), 1 survivors (1024K)
 Metaspace       used 84305K, committed 85120K, reserved 557056K
  class space    used 11714K, committed 12096K, reserved 425984K
}
Event: 61.415 GC heap before
{Heap before GC invocations=43 (full 0):
 garbage-first heap   total 171008K, used 144057K [0x0000000080000000, 0x0000000100000000)
  region size 1024K, 34 young (34816K), 1 survivors (1024K)
 Metaspace       used 85787K, committed 86592K, reserved 557056K
  class space    used 11900K, committed 12288K, reserved 425984K
}
Event: 61.426 GC heap after
{Heap after GC invocations=44 (full 0):
 garbage-first heap   total 171008K, used 120013K [0x0000000080000000, 0x0000000100000000)
  region size 1024K, 5 young (5120K), 5 survivors (5120K)
 Metaspace       used 85787K, committed 86592K, reserved 557056K
  class space    used 11900K, committed 12288K, reserved 425984K
}
Event: 62.162 GC heap before
{Heap before GC invocations=45 (full 0):
 garbage-first heap   total 208896K, used 138445K [0x0000000080000000, 0x0000000100000000)
  region size 1024K, 23 young (23552K), 5 survivors (5120K)
 Metaspace       used 86482K, committed 87360K, reserved 557056K
  class space    used 11987K, committed 12416K, reserved 425984K
}
Event: 62.179 GC heap after
{Heap after GC invocations=46 (full 0):
 garbage-first heap   total 208896K, used 122020K [0x0000000080000000, 0x0000000100000000)
  region size 1024K, 3 young (3072K), 3 survivors (3072K)
 Metaspace       used 86482K, committed 87360K, reserved 557056K
  class space    used 11987K, committed 12416K, reserved 425984K
}
Event: 62.383 GC heap before
{Heap before GC invocations=46 (full 0):
 garbage-first heap   total 208896K, used 128164K [0x0000000080000000, 0x0000000100000000)
  region size 1024K, 10 young (10240K), 3 survivors (3072K)
 Metaspace       used 86504K, committed 87360K, reserved 557056K
  class space    used 11987K, committed 12416K, reserved 425984K
}
Event: 62.396 GC heap after
{Heap after GC invocations=47 (full 0):
 garbage-first heap   total 352256K, used 121884K [0x0000000080000000, 0x0000000100000000)
  region size 1024K, 1 young (1024K), 1 survivors (1024K)
 Metaspace       used 86504K, committed 87360K, reserved 557056K
  class space    used 11987K, committed 12416K, reserved 425984K
}
Event: 65.949 GC heap before
{Heap before GC invocations=47 (full 0):
 garbage-first heap   total 352256K, used 235548K [0x0000000080000000, 0x0000000100000000)
  region size 1024K, 111 young (113664K), 1 survivors (1024K)
 Metaspace       used 91576K, committed 92480K, reserved 557056K
  class space    used 12720K, committed 13120K, reserved 425984K
}
Event: 65.969 GC heap after
{Heap after GC invocations=48 (full 0):
 garbage-first heap   total 352256K, used 136587K [0x0000000080000000, 0x0000000100000000)
  region size 1024K, 13 young (13312K), 13 survivors (13312K)
 Metaspace       used 91576K, committed 92480K, reserved 557056K
  class space    used 12720K, committed 13120K, reserved 425984K
}
Event: 83.950 GC heap before
{Heap before GC invocations=48 (full 0):
 garbage-first heap   total 352256K, used 246155K [0x0000000080000000, 0x0000000100000000)
  region size 1024K, 120 young (122880K), 13 survivors (13312K)
 Metaspace       used 94304K, committed 95232K, reserved 557056K
  class space    used 13032K, committed 13440K, reserved 425984K
}
Event: 83.982 GC heap after
{Heap after GC invocations=49 (full 0):
 garbage-first heap   total 352256K, used 151348K [0x0000000080000000, 0x0000000100000000)
  region size 1024K, 15 young (15360K), 15 survivors (15360K)
 Metaspace       used 94304K, committed 95232K, reserved 557056K
  class space    used 13032K, committed 13440K, reserved 425984K
}
Event: 88.696 GC heap before
{Heap before GC invocations=49 (full 0):
 garbage-first heap   total 352256K, used 256820K [0x0000000080000000, 0x0000000100000000)
  region size 1024K, 118 young (120832K), 15 survivors (15360K)
 Metaspace       used 99069K, committed 100096K, reserved 557056K
  class space    used 13676K, committed 14144K, reserved 425984K
}
Event: 88.739 GC heap after
{Heap after GC invocations=50 (full 0):
 garbage-first heap   total 352256K, used 167352K [0x0000000080000000, 0x0000000100000000)
  region size 1024K, 15 young (15360K), 15 survivors (15360K)
 Metaspace       used 99069K, committed 100096K, reserved 557056K
  class space    used 13676K, committed 14144K, reserved 425984K
}
Event: 93.290 GC heap before
{Heap before GC invocations=50 (full 0):
 garbage-first heap   total 352256K, used 266680K [0x0000000080000000, 0x0000000100000000)
  region size 1024K, 113 young (115712K), 15 survivors (15360K)
 Metaspace       used 100477K, committed 101568K, reserved 557056K
  class space    used 13810K, committed 14336K, reserved 425984K
}
Event: 93.332 GC heap after
{Heap after GC invocations=51 (full 0):
 garbage-first heap   total 352256K, used 180224K [0x0000000080000000, 0x0000000100000000)
  region size 1024K, 12 young (12288K), 12 survivors (12288K)
 Metaspace       used 100477K, committed 101568K, reserved 557056K
  class space    used 13810K, committed 14336K, reserved 425984K
}

